# JRE version: Java(TM) SE Runtime Environment (8.0_202-b08) (build 1.8.0_202-b08)
# Java VM: Java HotSpot(TM) 64-Bit Server VM (25.202-b08 mixed mode windows-amd64 compressed oops)
Heap:
 PSYoungGen      total 75776K, used 26452K [0x000000076ba00000, 0x0000000774e00000, 0x00000007c0000000)
  eden space 65024K, 40% used [0x000000076ba00000,0x000000076d3d5150,0x000000076f980000)
  from space 10752K, 0% used [0x0000000770400000,0x0000000770400000,0x0000000770e80000)
  to   space 10752K, 0% used [0x000000076f980000,0x000000076f980000,0x0000000770400000)
 ParOldGen       total 78336K, used 9928K [0x00000006c2e00000, 0x00000006c7a80000, 0x000000076ba00000)
  object space 78336K, 12% used [0x00000006c2e00000,0x00000006c37b23c8,0x00000006c7a80000)
 Metaspace       used 23771K, capacity 24718K, committed 24832K, reserved 1071104K
  class space    used 3307K, capacity 3535K, committed 3584K, reserved 1048576K
GC Heap History (6 events):
Event: 308.278 GC heap before
{Heap before GC invocations=1 (full 0):
 PSYoungGen      total 75776K, used 65024K [0x000000076ba00000, 0x0000000770e80000, 0x00000007c0000000)
  eden space 65024K, 100% used [0x000000076ba00000,0x000000076f980000,0x000000076f980000)
  from space 10752K, 0% used [0x0000000770400000,0x0000000770400000,0x0000000770e80000)
  to   space 10752K, 0% used [0x000000076f980000,0x000000076f980000,0x0000000770400000)
 ParOldGen       total 173568K, used 0K [0x00000006c2e00000, 0x00000006cd780000, 0x000000076ba00000)
  object space 173568K, 0% used [0x00000006c2e00000,0x00000006c2e00000,0x00000006cd780000)
 Metaspace       used 20207K, capacity 21124K, committed 21296K, reserved 1067008K
  class space    used 2895K, capacity 3150K, committed 3200K, reserved 1048576K
Event: 308.288 GC heap after
Heap after GC invocations=1 (full 0):
 PSYoungGen      total 75776K, used 10751K [0x000000076ba00000, 0x0000000770e80000, 0x00000007c0000000)
  eden space 65024K, 0% used [0x000000076ba00000,0x000000076ba00000,0x000000076f980000)
  from space 10752K, 99% used [0x000000076f980000,0x00000007703fffc8,0x0000000770400000)
  to   space 10752K, 0% used [0x0000000770400000,0x0000000770400000,0x0000000770e80000)
 ParOldGen       total 173568K, used 2536K [0x00000006c2e00000, 0x00000006cd780000, 0x000000076ba00000)
  object space 173568K, 1% used [0x00000006c2e00000,0x00000006c307a0c8,0x00000006cd780000)
 Metaspace       used 20207K, capacity 21124K, committed 21296K, reserved 1067008K
  class space    used 2895K, capacity 3150K, committed 3200K, reserved 1048576K
}
Event: 308.307 GC heap before
{Heap before GC invocations=2 (full 0):
 PSYoungGen      total 75776K, used 11853K [0x000000076ba00000, 0x0000000770e80000, 0x00000007c0000000)
  eden space 65024K, 1% used [0x000000076ba00000,0x000000076bb13610,0x000000076f980000)
  from space 10752K, 99% used [0x000000076f980000,0x00000007703fffc8,0x0000000770400000)
  to   space 10752K, 0% used [0x0000000770400000,0x0000000770400000,0x0000000770e80000)
 ParOldGen       total 173568K, used 2536K [0x00000006c2e00000, 0x00000006cd780000, 0x000000076ba00000)
  object space 173568K, 1% used [0x00000006c2e00000,0x00000006c307a0c8,0x00000006cd780000)
 Metaspace       used 20285K, capacity 21188K, committed 21296K, reserved 1067008K
  class space    used 2908K, capacity 3150K, committed 3200K, reserved 1048576K
Event: 308.314 GC heap after
Heap after GC invocations=2 (full 0):
 PSYoungGen      total 75776K, used 10737K [0x000000076ba00000, 0x0000000774e00000, 0x00000007c0000000)
  eden space 65024K, 0% used [0x000000076ba00000,0x000000076ba00000,0x000000076f980000)
  from space 10752K, 99% used [0x0000000770400000,0x0000000770e7c560,0x0000000770e80000)
  to   space 10752K, 0% used [0x000000076f980000,0x000000076f980000,0x0000000770400000)
 ParOldGen       total 173568K, used 3752K [0x00000006c2e00000, 0x00000006cd780000, 0x000000076ba00000)
  object space 173568K, 2% used [0x00000006c2e00000,0x00000006c31aa328,0x00000006cd780000)
 Metaspace       used 20285K, capacity 21188K, committed 21296K, reserved 1067008K
  class space    used 2908K, capacity 3150K, committed 3200K, reserved 1048576K
}
Event: 308.314 GC heap before
{Heap before GC invocations=3 (full 1):
 PSYoungGen      total 75776K, used 10737K [0x000000076ba00000, 0x0000000774e00000, 0x00000007c0000000)
  eden space 65024K, 0% used [0x000000076ba00000,0x000000076ba00000,0x000000076f980000)
  from space 10752K, 99% used [0x0000000770400000,0x0000000770e7c560,0x0000000770e80000)
  to   space 10752K, 0% used [0x000000076f980000,0x000000076f980000,0x0000000770400000)
 ParOldGen       total 173568K, used 3752K [0x00000006c2e00000, 0x00000006cd780000, 0x000000076ba00000)
  object space 173568K, 2% used [0x00000006c2e00000,0x00000006c31aa328,0x00000006cd780000)
 Metaspace       used 20285K, capacity 21188K, committed 21296K, reserved 1067008K
  class space    used 2908K, capacity 3150K, committed 3200K, reserved 1048576K
Event: 308.341 GC heap after
Heap after GC invocations=3 (full 1):
 PSYoungGen      total 75776K, used 0K [0x000000076ba00000, 0x0000000774e00000, 0x00000007c0000000)
  eden space 65024K, 0% used [0x000000076ba00000,0x000000076ba00000,0x000000076f980000)
  from space 10752K, 0% used [0x0000000770400000,0x0000000770400000,0x0000000770e80000)
  to   space 10752K, 0% used [0x000000076f980000,0x000000076f980000,0x0000000770400000)
 ParOldGen       total 78336K, used 9928K [0x00000006c2e00000, 0x00000006c7a80000, 0x000000076ba00000)
  object space 78336K, 12% used [0x00000006c2e00000,0x00000006c37b23c8,0x00000006c7a80000)
 Metaspace       used 20285K, capacity 21188K, committed 21296K, reserved 1067008K
  class space    used 2908K, capacity 3150K, committed 3200K, reserved 1048576K
}

