# JRE version: Java(TM) SE Runtime Environment (8.0_202-b08) (build 1.8.0_202-b08)
# Java VM: Java HotSpot(TM) 64-Bit Server VM (25.202-b08 mixed mode windows-amd64 compressed oops)
Heap:
 PSYoungGen      total 75776K, used 29203K [0x000000076ba00000, 0x0000000774e00000, 0x00000007c0000000)
  eden space 65024K, 44% used [0x000000076ba00000,0x000000076d684eb0,0x000000076f980000)
  from space 10752K, 0% used [0x0000000770400000,0x0000000770400000,0x0000000770e80000)
  to   space 10752K, 0% used [0x000000076f980000,0x000000076f980000,0x0000000770400000)
 ParOldGen       total 83456K, used 10328K [0x00000006c2e00000, 0x00000006c7f80000, 0x000000076ba00000)
  object space 83456K, 12% used [0x00000006c2e00000,0x00000006c3816160,0x00000006c7f80000)
 Metaspace       used 23724K, capacity 24718K, committed 24832K, reserved 1071104K
  class space    used 3301K, capacity 3536K, committed 3584K, reserved 1048576K
GC Heap History (6 events):
Event: 8.648 GC heap before
{Heap before GC invocations=1 (full 0):
 PSYoungGen      total 75776K, used 65024K [0x000000076ba00000, 0x0000000770e80000, 0x00000007c0000000)
  eden space 65024K, 100% used [0x000000076ba00000,0x000000076f980000,0x000000076f980000)
  from space 10752K, 0% used [0x0000000770400000,0x0000000770400000,0x0000000770e80000)
  to   space 10752K, 0% used [0x000000076f980000,0x000000076f980000,0x0000000770400000)
 ParOldGen       total 173568K, used 0K [0x00000006c2e00000, 0x00000006cd780000, 0x000000076ba00000)
  object space 173568K, 0% used [0x00000006c2e00000,0x00000006c2e00000,0x00000006cd780000)
 Metaspace       used 19122K, capacity 20042K, committed 20224K, reserved 1067008K
  class space    used 2792K, capacity 3026K, committed 3072K, reserved 1048576K
Event: 8.656 GC heap after
Heap after GC invocations=1 (full 0):
 PSYoungGen      total 75776K, used 10735K [0x000000076ba00000, 0x0000000770e80000, 0x00000007c0000000)
  eden space 65024K, 0% used [0x000000076ba00000,0x000000076ba00000,0x000000076f980000)
  from space 10752K, 99% used [0x000000076f980000,0x00000007703fbc70,0x0000000770400000)
  to   space 10752K, 0% used [0x0000000770400000,0x0000000770400000,0x0000000770e80000)
 ParOldGen       total 173568K, used 1296K [0x00000006c2e00000, 0x00000006cd780000, 0x000000076ba00000)
  object space 173568K, 0% used [0x00000006c2e00000,0x00000006c2f44090,0x00000006cd780000)
 Metaspace       used 19122K, capacity 20042K, committed 20224K, reserved 1067008K
  class space    used 2792K, capacity 3026K, committed 3072K, reserved 1048576K
}
Event: 8.774 GC heap before
{Heap before GC invocations=2 (full 0):
 PSYoungGen      total 75776K, used 15848K [0x000000076ba00000, 0x0000000770e80000, 0x00000007c0000000)
  eden space 65024K, 7% used [0x000000076ba00000,0x000000076befe3d8,0x000000076f980000)
  from space 10752K, 99% used [0x000000076f980000,0x00000007703fbc70,0x0000000770400000)
  to   space 10752K, 0% used [0x0000000770400000,0x0000000770400000,0x0000000770e80000)
 ParOldGen       total 173568K, used 1296K [0x00000006c2e00000, 0x00000006cd780000, 0x000000076ba00000)
  object space 173568K, 0% used [0x00000006c2e00000,0x00000006c2f44090,0x00000006cd780000)
 Metaspace       used 20299K, capacity 21210K, committed 21296K, reserved 1067008K
  class space    used 2929K, capacity 3160K, committed 3200K, reserved 1048576K
Event: 8.784 GC heap after
Heap after GC invocations=2 (full 0):
 PSYoungGen      total 75776K, used 10729K [0x000000076ba00000, 0x0000000774e00000, 0x00000007c0000000)
  eden space 65024K, 0% used [0x000000076ba00000,0x000000076ba00000,0x000000076f980000)
  from space 10752K, 99% used [0x0000000770400000,0x0000000770e7a490,0x0000000770e80000)
  to   space 10752K, 0% used [0x000000076f980000,0x000000076f980000,0x0000000770400000)
 ParOldGen       total 173568K, used 2868K [0x00000006c2e00000, 0x00000006cd780000, 0x000000076ba00000)
  object space 173568K, 1% used [0x00000006c2e00000,0x00000006c30cd370,0x00000006cd780000)
 Metaspace       used 20299K, capacity 21210K, committed 21296K, reserved 1067008K
  class space    used 2929K, capacity 3160K, committed 3200K, reserved 1048576K
}
Event: 8.784 GC heap before
{Heap before GC invocations=3 (full 1):
 PSYoungGen      total 75776K, used 10729K [0x000000076ba00000, 0x0000000774e00000, 0x00000007c0000000)
  eden space 65024K, 0% used [0x000000076ba00000,0x000000076ba00000,0x000000076f980000)
  from space 10752K, 99% used [0x0000000770400000,0x0000000770e7a490,0x0000000770e80000)
  to   space 10752K, 0% used [0x000000076f980000,0x000000076f980000,0x0000000770400000)
 ParOldGen       total 173568K, used 2868K [0x00000006c2e00000, 0x00000006cd780000, 0x000000076ba00000)
  object space 173568K, 1% used [0x00000006c2e00000,0x00000006c30cd370,0x00000006cd780000)
 Metaspace       used 20299K, capacity 21210K, committed 21296K, reserved 1067008K
  class space    used 2929K, capacity 3160K, committed 3200K, reserved 1048576K
Event: 8.816 GC heap after
Heap after GC invocations=3 (full 1):
 PSYoungGen      total 75776K, used 0K [0x000000076ba00000, 0x0000000774e00000, 0x00000007c0000000)
  eden space 65024K, 0% used [0x000000076ba00000,0x000000076ba00000,0x000000076f980000)
  from space 10752K, 0% used [0x0000000770400000,0x0000000770400000,0x0000000770e80000)
  to   space 10752K, 0% used [0x000000076f980000,0x000000076f980000,0x0000000770400000)
 ParOldGen       total 83456K, used 10328K [0x00000006c2e00000, 0x00000006c7f80000, 0x000000076ba00000)
  object space 83456K, 12% used [0x00000006c2e00000,0x00000006c3816160,0x00000006c7f80000)
 Metaspace       used 20299K, capacity 21210K, committed 21296K, reserved 1067008K
  class space    used 2929K, capacity 3160K, committed 3200K, reserved 1048576K
}

