# JRE version: Java(TM) SE Runtime Environment (8.0_202-b08) (build 1.8.0_202-b08)
# Java VM: Java HotSpot(TM) 64-Bit Server VM (25.202-b08 mixed mode windows-amd64 compressed oops)
Heap:
 PSYoungGen      total 75776K, used 27479K [0x000000076ba00000, 0x0000000774e00000, 0x00000007c0000000)
  eden space 65024K, 42% used [0x000000076ba00000,0x000000076d4d5fa0,0x000000076f980000)
  from space 10752K, 0% used [0x0000000770400000,0x0000000770400000,0x0000000770e80000)
  to   space 10752K, 0% used [0x000000076f980000,0x000000076f980000,0x0000000770400000)
 ParOldGen       total 86016K, used 10327K [0x00000006c2e00000, 0x00000006c8200000, 0x000000076ba00000)
  object space 86016K, 12% used [0x00000006c2e00000,0x00000006c3815f38,0x00000006c8200000)
 Metaspace       used 23792K, capacity 24722K, committed 24832K, reserved 1071104K
  class space    used 3302K, capacity 3536K, committed 3584K, reserved 1048576K
GC Heap History (6 events):
Event: 5.968 GC heap before
{Heap before GC invocations=1 (full 0):
 PSYoungGen      total 75776K, used 65024K [0x000000076ba00000, 0x0000000770e80000, 0x00000007c0000000)
  eden space 65024K, 100% used [0x000000076ba00000,0x000000076f980000,0x000000076f980000)
  from space 10752K, 0% used [0x0000000770400000,0x0000000770400000,0x0000000770e80000)
  to   space 10752K, 0% used [0x000000076f980000,0x000000076f980000,0x0000000770400000)
 ParOldGen       total 173568K, used 0K [0x00000006c2e00000, 0x00000006cd780000, 0x000000076ba00000)
  object space 173568K, 0% used [0x00000006c2e00000,0x00000006c2e00000,0x00000006cd780000)
 Metaspace       used 19119K, capacity 19982K, committed 20224K, reserved 1067008K
  class space    used 2788K, capacity 3026K, committed 3072K, reserved 1048576K
Event: 5.975 GC heap after
Heap after GC invocations=1 (full 0):
 PSYoungGen      total 75776K, used 10735K [0x000000076ba00000, 0x0000000770e80000, 0x00000007c0000000)
  eden space 65024K, 0% used [0x000000076ba00000,0x000000076ba00000,0x000000076f980000)
  from space 10752K, 99% used [0x000000076f980000,0x00000007703fbc70,0x0000000770400000)
  to   space 10752K, 0% used [0x0000000770400000,0x0000000770400000,0x0000000770e80000)
 ParOldGen       total 173568K, used 1266K [0x00000006c2e00000, 0x00000006cd780000, 0x000000076ba00000)
  object space 173568K, 0% used [0x00000006c2e00000,0x00000006c2f3cb90,0x00000006cd780000)
 Metaspace       used 19119K, capacity 19982K, committed 20224K, reserved 1067008K
  class space    used 2788K, capacity 3026K, committed 3072K, reserved 1048576K
}
Event: 6.068 GC heap before
{Heap before GC invocations=2 (full 0):
 PSYoungGen      total 75776K, used 15849K [0x000000076ba00000, 0x0000000770e80000, 0x00000007c0000000)
  eden space 65024K, 7% used [0x000000076ba00000,0x000000076befe8d8,0x000000076f980000)
  from space 10752K, 99% used [0x000000076f980000,0x00000007703fbc70,0x0000000770400000)
  to   space 10752K, 0% used [0x0000000770400000,0x0000000770400000,0x0000000770e80000)
 ParOldGen       total 173568K, used 1266K [0x00000006c2e00000, 0x00000006cd780000, 0x000000076ba00000)
  object space 173568K, 0% used [0x00000006c2e00000,0x00000006c2f3cb90,0x00000006cd780000)
 Metaspace       used 20310K, capacity 21214K, committed 21296K, reserved 1067008K
  class space    used 2926K, capacity 3160K, committed 3200K, reserved 1048576K
Event: 6.075 GC heap after
Heap after GC invocations=2 (full 0):
 PSYoungGen      total 75776K, used 10738K [0x000000076ba00000, 0x0000000774e00000, 0x00000007c0000000)
  eden space 65024K, 0% used [0x000000076ba00000,0x000000076ba00000,0x000000076f980000)
  from space 10752K, 99% used [0x0000000770400000,0x0000000770e7caf0,0x0000000770e80000)
  to   space 10752K, 0% used [0x000000076f980000,0x000000076f980000,0x0000000770400000)
 ParOldGen       total 173568K, used 2832K [0x00000006c2e00000, 0x00000006cd780000, 0x000000076ba00000)
  object space 173568K, 1% used [0x00000006c2e00000,0x00000006c30c42a0,0x00000006cd780000)
 Metaspace       used 20310K, capacity 21214K, committed 21296K, reserved 1067008K
  class space    used 2926K, capacity 3160K, committed 3200K, reserved 1048576K
}
Event: 6.075 GC heap before
{Heap before GC invocations=3 (full 1):
 PSYoungGen      total 75776K, used 10738K [0x000000076ba00000, 0x0000000774e00000, 0x00000007c0000000)
  eden space 65024K, 0% used [0x000000076ba00000,0x000000076ba00000,0x000000076f980000)
  from space 10752K, 99% used [0x0000000770400000,0x0000000770e7caf0,0x0000000770e80000)
  to   space 10752K, 0% used [0x000000076f980000,0x000000076f980000,0x0000000770400000)
 ParOldGen       total 173568K, used 2832K [0x00000006c2e00000, 0x00000006cd780000, 0x000000076ba00000)
  object space 173568K, 1% used [0x00000006c2e00000,0x00000006c30c42a0,0x00000006cd780000)
 Metaspace       used 20310K, capacity 21214K, committed 21296K, reserved 1067008K
  class space    used 2926K, capacity 3160K, committed 3200K, reserved 1048576K
Event: 6.106 GC heap after
Heap after GC invocations=3 (full 1):
 PSYoungGen      total 75776K, used 0K [0x000000076ba00000, 0x0000000774e00000, 0x00000007c0000000)
  eden space 65024K, 0% used [0x000000076ba00000,0x000000076ba00000,0x000000076f980000)
  from space 10752K, 0% used [0x0000000770400000,0x0000000770400000,0x0000000770e80000)
  to   space 10752K, 0% used [0x000000076f980000,0x000000076f980000,0x0000000770400000)
 ParOldGen       total 86016K, used 10327K [0x00000006c2e00000, 0x00000006c8200000, 0x000000076ba00000)
  object space 86016K, 12% used [0x00000006c2e00000,0x00000006c3815f38,0x00000006c8200000)
 Metaspace       used 20310K, capacity 21214K, committed 21296K, reserved 1067008K
  class space    used 2926K, capacity 3160K, committed 3200K, reserved 1048576K
}

