# JRE version: Java(TM) SE Runtime Environment (8.0_202-b08) (build 1.8.0_202-b08)
# Java VM: Java HotSpot(TM) 64-Bit Server VM (25.202-b08 mixed mode windows-amd64 compressed oops)
Heap:
 PSYoungGen      total 75776K, used 26547K [0x000000076ba00000, 0x0000000774e00000, 0x00000007c0000000)
  eden space 65024K, 40% used [0x000000076ba00000,0x000000076d3ecf90,0x000000076f980000)
  from space 10752K, 0% used [0x0000000770400000,0x0000000770400000,0x0000000770e80000)
  to   space 10752K, 0% used [0x000000076f980000,0x000000076f980000,0x0000000770400000)
 ParOldGen       total 81920K, used 10059K [0x00000006c2e00000, 0x00000006c7e00000, 0x000000076ba00000)
  object space 81920K, 12% used [0x00000006c2e00000,0x00000006c37d2dc8,0x00000006c7e00000)
 Metaspace       used 23668K, capacity 24578K, committed 24832K, reserved 1071104K
  class space    used 3297K, capacity 3504K, committed 3584K, reserved 1048576K
GC Heap History (6 events):
Event: 4.975 GC heap before
{Heap before GC invocations=1 (full 0):
 PSYoungGen      total 75776K, used 65024K [0x000000076ba00000, 0x0000000770e80000, 0x00000007c0000000)
  eden space 65024K, 100% used [0x000000076ba00000,0x000000076f980000,0x000000076f980000)
  from space 10752K, 0% used [0x0000000770400000,0x0000000770400000,0x0000000770e80000)
  to   space 10752K, 0% used [0x000000076f980000,0x000000076f980000,0x0000000770400000)
 ParOldGen       total 173568K, used 0K [0x00000006c2e00000, 0x00000006cd780000, 0x000000076ba00000)
  object space 173568K, 0% used [0x00000006c2e00000,0x00000006c2e00000,0x00000006cd780000)
 Metaspace       used 20059K, capacity 20944K, committed 21120K, reserved 1067008K
  class space    used 2896K, capacity 3129K, committed 3200K, reserved 1048576K
Event: 4.983 GC heap after
Heap after GC invocations=1 (full 0):
 PSYoungGen      total 75776K, used 10730K [0x000000076ba00000, 0x0000000770e80000, 0x00000007c0000000)
  eden space 65024K, 0% used [0x000000076ba00000,0x000000076ba00000,0x000000076f980000)
  from space 10752K, 99% used [0x000000076f980000,0x00000007703fa8e0,0x0000000770400000)
  to   space 10752K, 0% used [0x0000000770400000,0x0000000770400000,0x0000000770e80000)
 ParOldGen       total 173568K, used 1905K [0x00000006c2e00000, 0x00000006cd780000, 0x000000076ba00000)
  object space 173568K, 1% used [0x00000006c2e00000,0x00000006c2fdc408,0x00000006cd780000)
 Metaspace       used 20059K, capacity 20944K, committed 21120K, reserved 1067008K
  class space    used 2896K, capacity 3129K, committed 3200K, reserved 1048576K
}
Event: 5.012 GC heap before
{Heap before GC invocations=2 (full 0):
 PSYoungGen      total 75776K, used 12949K [0x000000076ba00000, 0x0000000770e80000, 0x00000007c0000000)
  eden space 65024K, 3% used [0x000000076ba00000,0x000000076bc2aeb0,0x000000076f980000)
  from space 10752K, 99% used [0x000000076f980000,0x00000007703fa8e0,0x0000000770400000)
  to   space 10752K, 0% used [0x0000000770400000,0x0000000770400000,0x0000000770e80000)
 ParOldGen       total 173568K, used 1905K [0x00000006c2e00000, 0x00000006cd780000, 0x000000076ba00000)
  object space 173568K, 1% used [0x00000006c2e00000,0x00000006c2fdc408,0x00000006cd780000)
 Metaspace       used 20293K, capacity 21168K, committed 21296K, reserved 1067008K
  class space    used 2924K, capacity 3161K, committed 3200K, reserved 1048576K
Event: 5.019 GC heap after
Heap after GC invocations=2 (full 0):
 PSYoungGen      total 75776K, used 9726K [0x000000076ba00000, 0x0000000774e00000, 0x00000007c0000000)
  eden space 65024K, 0% used [0x000000076ba00000,0x000000076ba00000,0x000000076f980000)
  from space 10752K, 90% used [0x0000000770400000,0x0000000770d7f8d0,0x0000000770e80000)
  to   space 10752K, 0% used [0x000000076f980000,0x000000076f980000,0x0000000770400000)
 ParOldGen       total 173568K, used 1913K [0x00000006c2e00000, 0x00000006cd780000, 0x000000076ba00000)
  object space 173568K, 1% used [0x00000006c2e00000,0x00000006c2fde408,0x00000006cd780000)
 Metaspace       used 20293K, capacity 21168K, committed 21296K, reserved 1067008K
  class space    used 2924K, capacity 3161K, committed 3200K, reserved 1048576K
}
Event: 5.019 GC heap before
{Heap before GC invocations=3 (full 1):
 PSYoungGen      total 75776K, used 9726K [0x000000076ba00000, 0x0000000774e00000, 0x00000007c0000000)
  eden space 65024K, 0% used [0x000000076ba00000,0x000000076ba00000,0x000000076f980000)
  from space 10752K, 90% used [0x0000000770400000,0x0000000770d7f8d0,0x0000000770e80000)
  to   space 10752K, 0% used [0x000000076f980000,0x000000076f980000,0x0000000770400000)
 ParOldGen       total 173568K, used 1913K [0x00000006c2e00000, 0x00000006cd780000, 0x000000076ba00000)
  object space 173568K, 1% used [0x00000006c2e00000,0x00000006c2fde408,0x00000006cd780000)
 Metaspace       used 20293K, capacity 21168K, committed 21296K, reserved 1067008K
  class space    used 2924K, capacity 3161K, committed 3200K, reserved 1048576K
Event: 5.047 GC heap after
Heap after GC invocations=3 (full 1):
 PSYoungGen      total 75776K, used 0K [0x000000076ba00000, 0x0000000774e00000, 0x00000007c0000000)
  eden space 65024K, 0% used [0x000000076ba00000,0x000000076ba00000,0x000000076f980000)
  from space 10752K, 0% used [0x0000000770400000,0x0000000770400000,0x0000000770e80000)
  to   space 10752K, 0% used [0x000000076f980000,0x000000076f980000,0x0000000770400000)
 ParOldGen       total 81920K, used 10059K [0x00000006c2e00000, 0x00000006c7e00000, 0x000000076ba00000)
  object space 81920K, 12% used [0x00000006c2e00000,0x00000006c37d2dc8,0x00000006c7e00000)
 Metaspace       used 20293K, capacity 21168K, committed 21296K, reserved 1067008K
  class space    used 2924K, capacity 3161K, committed 3200K, reserved 1048576K
}

