# JRE version: Java(TM) SE Runtime Environment (8.0_202-b08) (build 1.8.0_202-b08)
# Java VM: Java HotSpot(TM) 64-Bit Server VM (25.202-b08 mixed mode windows-amd64 compressed oops)
Heap:
 PSYoungGen      total 75776K, used 62479K [0x000000076ba00000, 0x0000000770e80000, 0x00000007c0000000)
  eden space 65024K, 96% used [0x000000076ba00000,0x000000076f703f08,0x000000076f980000)
  from space 10752K, 0% used [0x000000076f980000,0x000000076f980000,0x0000000770400000)
  to   space 10752K, 0% used [0x0000000770400000,0x0000000770400000,0x0000000770e80000)
 ParOldGen       total 77824K, used 10482K [0x00000006c2e00000, 0x00000006c7a00000, 0x000000076ba00000)
  object space 77824K, 13% used [0x00000006c2e00000,0x00000006c383c8b8,0x00000006c7a00000)
 Metaspace       used 24815K, capacity 25814K, committed 25984K, reserved 1071104K
  class space    used 3351K, capacity 3592K, committed 3712K, reserved 1048576K
GC Heap History (4 events):
Event: 8.429 GC heap before
{Heap before GC invocations=1 (full 0):
 PSYoungGen      total 75776K, used 64649K [0x000000076ba00000, 0x0000000770e80000, 0x00000007c0000000)
  eden space 65024K, 99% used [0x000000076ba00000,0x000000076f922658,0x000000076f980000)
  from space 10752K, 0% used [0x0000000770400000,0x0000000770400000,0x0000000770e80000)
  to   space 10752K, 0% used [0x000000076f980000,0x000000076f980000,0x0000000770400000)
 ParOldGen       total 173568K, used 0K [0x00000006c2e00000, 0x00000006cd780000, 0x000000076ba00000)
  object space 173568K, 0% used [0x00000006c2e00000,0x00000006c2e00000,0x00000006cd780000)
 Metaspace       used 20255K, capacity 21128K, committed 21296K, reserved 1067008K
  class space    used 2905K, capacity 3123K, committed 3200K, reserved 1048576K
Event: 8.439 GC heap after
Heap after GC invocations=1 (full 0):
 PSYoungGen      total 75776K, used 10736K [0x000000076ba00000, 0x0000000770e80000, 0x00000007c0000000)
  eden space 65024K, 0% used [0x000000076ba00000,0x000000076ba00000,0x000000076f980000)
  from space 10752K, 99% used [0x000000076f980000,0x00000007703fc060,0x0000000770400000)
  to   space 10752K, 0% used [0x0000000770400000,0x0000000770400000,0x0000000770e80000)
 ParOldGen       total 173568K, used 1970K [0x00000006c2e00000, 0x00000006cd780000, 0x000000076ba00000)
  object space 173568K, 1% used [0x00000006c2e00000,0x00000006c2fec8e8,0x00000006cd780000)
 Metaspace       used 20255K, capacity 21128K, committed 21296K, reserved 1067008K
  class space    used 2905K, capacity 3123K, committed 3200K, reserved 1048576K
}
Event: 8.439 GC heap before
{Heap before GC invocations=2 (full 1):
 PSYoungGen      total 75776K, used 10736K [0x000000076ba00000, 0x0000000770e80000, 0x00000007c0000000)
  eden space 65024K, 0% used [0x000000076ba00000,0x000000076ba00000,0x000000076f980000)
  from space 10752K, 99% used [0x000000076f980000,0x00000007703fc060,0x0000000770400000)
  to   space 10752K, 0% used [0x0000000770400000,0x0000000770400000,0x0000000770e80000)
 ParOldGen       total 173568K, used 1970K [0x00000006c2e00000, 0x00000006cd780000, 0x000000076ba00000)
  object space 173568K, 1% used [0x00000006c2e00000,0x00000006c2fec8e8,0x00000006cd780000)
 Metaspace       used 20255K, capacity 21128K, committed 21296K, reserved 1067008K
  class space    used 2905K, capacity 3123K, committed 3200K, reserved 1048576K
Event: 8.475 GC heap after
Heap after GC invocations=2 (full 1):
 PSYoungGen      total 75776K, used 0K [0x000000076ba00000, 0x0000000770e80000, 0x00000007c0000000)
  eden space 65024K, 0% used [0x000000076ba00000,0x000000076ba00000,0x000000076f980000)
  from space 10752K, 0% used [0x000000076f980000,0x000000076f980000,0x0000000770400000)
  to   space 10752K, 0% used [0x0000000770400000,0x0000000770400000,0x0000000770e80000)
 ParOldGen       total 77824K, used 10482K [0x00000006c2e00000, 0x00000006c7a00000, 0x000000076ba00000)
  object space 77824K, 13% used [0x00000006c2e00000,0x00000006c383c8b8,0x00000006c7a00000)
 Metaspace       used 20255K, capacity 21128K, committed 21296K, reserved 1067008K
  class space    used 2905K, capacity 3123K, committed 3200K, reserved 1048576K
}

