# JRE version: Java(TM) SE Runtime Environment (8.0_202-b08) (build 1.8.0_202-b08)
# Java VM: Java HotSpot(TM) 64-Bit Server VM (25.202-b08 mixed mode windows-amd64 compressed oops)
Heap:
 PSYoungGen      total 75776K, used 1621K [0x000000076ba00000, 0x0000000770e80000, 0x00000007c0000000)
  eden space 65024K, 2% used [0x000000076ba00000,0x000000076bb95758,0x000000076f980000)
  from space 10752K, 0% used [0x0000000770400000,0x0000000770400000,0x0000000770e80000)
  to   space 10752K, 0% used [0x000000076f980000,0x000000076f980000,0x0000000770400000)
 ParOldGen       total 76800K, used 9561K [0x00000006c2e00000, 0x00000006c7900000, 0x000000076ba00000)
  object space 76800K, 12% used [0x00000006c2e00000,0x00000006c3756638,0x00000006c7900000)
 Metaspace       used 20368K, capacity 21276K, committed 21552K, reserved 1067008K
  class space    used 2931K, capacity 3168K, committed 3200K, reserved 1048576K
GC Heap History (6 events):
Event: 5.470 GC heap before
{Heap before GC invocations=1 (full 0):
 PSYoungGen      total 75776K, used 65024K [0x000000076ba00000, 0x0000000770e80000, 0x00000007c0000000)
  eden space 65024K, 100% used [0x000000076ba00000,0x000000076f980000,0x000000076f980000)
  from space 10752K, 0% used [0x0000000770400000,0x0000000770400000,0x0000000770e80000)
  to   space 10752K, 0% used [0x000000076f980000,0x000000076f980000,0x0000000770400000)
 ParOldGen       total 173568K, used 0K [0x00000006c2e00000, 0x00000006cd780000, 0x000000076ba00000)
  object space 173568K, 0% used [0x00000006c2e00000,0x00000006c2e00000,0x00000006cd780000)
 Metaspace       used 19829K, capacity 20698K, committed 20864K, reserved 1067008K
  class space    used 2886K, capacity 3115K, committed 3200K, reserved 1048576K
Event: 5.480 GC heap after
Heap after GC invocations=1 (full 0):
 PSYoungGen      total 75776K, used 10722K [0x000000076ba00000, 0x0000000770e80000, 0x00000007c0000000)
  eden space 65024K, 0% used [0x000000076ba00000,0x000000076ba00000,0x000000076f980000)
  from space 10752K, 99% used [0x000000076f980000,0x00000007703f8b00,0x0000000770400000)
  to   space 10752K, 0% used [0x0000000770400000,0x0000000770400000,0x0000000770e80000)
 ParOldGen       total 173568K, used 1546K [0x00000006c2e00000, 0x00000006cd780000, 0x000000076ba00000)
  object space 173568K, 0% used [0x00000006c2e00000,0x00000006c2f82af8,0x00000006cd780000)
 Metaspace       used 19829K, capacity 20698K, committed 20864K, reserved 1067008K
  class space    used 2886K, capacity 3115K, committed 3200K, reserved 1048576K
}
Event: 7.364 GC heap before
{Heap before GC invocations=2 (full 0):
 PSYoungGen      total 75776K, used 17889K [0x000000076ba00000, 0x0000000770e80000, 0x00000007c0000000)
  eden space 65024K, 11% used [0x000000076ba00000,0x000000076c0ffc38,0x000000076f980000)
  from space 10752K, 99% used [0x000000076f980000,0x00000007703f8b00,0x0000000770400000)
  to   space 10752K, 0% used [0x0000000770400000,0x0000000770400000,0x0000000770e80000)
 ParOldGen       total 173568K, used 1546K [0x00000006c2e00000, 0x00000006cd780000, 0x000000076ba00000)
  object space 173568K, 0% used [0x00000006c2e00000,0x00000006c2f82af8,0x00000006cd780000)
 Metaspace       used 20361K, capacity 21260K, committed 21296K, reserved 1067008K
  class space    used 2929K, capacity 3166K, committed 3200K, reserved 1048576K
Event: 7.370 GC heap after
Heap after GC invocations=2 (full 0):
 PSYoungGen      total 75776K, used 9221K [0x000000076ba00000, 0x0000000770e80000, 0x00000007c0000000)
  eden space 65024K, 0% used [0x000000076ba00000,0x000000076ba00000,0x000000076f980000)
  from space 10752K, 85% used [0x0000000770400000,0x0000000770d01540,0x0000000770e80000)
  to   space 10752K, 0% used [0x000000076f980000,0x000000076f980000,0x0000000770400000)
 ParOldGen       total 173568K, used 1554K [0x00000006c2e00000, 0x00000006cd780000, 0x000000076ba00000)
  object space 173568K, 0% used [0x00000006c2e00000,0x00000006c2f84af8,0x00000006cd780000)
 Metaspace       used 20361K, capacity 21260K, committed 21296K, reserved 1067008K
  class space    used 2929K, capacity 3166K, committed 3200K, reserved 1048576K
}
Event: 7.370 GC heap before
{Heap before GC invocations=3 (full 1):
 PSYoungGen      total 75776K, used 9221K [0x000000076ba00000, 0x0000000770e80000, 0x00000007c0000000)
  eden space 65024K, 0% used [0x000000076ba00000,0x000000076ba00000,0x000000076f980000)
  from space 10752K, 85% used [0x0000000770400000,0x0000000770d01540,0x0000000770e80000)
  to   space 10752K, 0% used [0x000000076f980000,0x000000076f980000,0x0000000770400000)
 ParOldGen       total 173568K, used 1554K [0x00000006c2e00000, 0x00000006cd780000, 0x000000076ba00000)
  object space 173568K, 0% used [0x00000006c2e00000,0x00000006c2f84af8,0x00000006cd780000)
 Metaspace       used 20361K, capacity 21260K, committed 21296K, reserved 1067008K
  class space    used 2929K, capacity 3166K, committed 3200K, reserved 1048576K
Event: 7.409 GC heap after
Heap after GC invocations=3 (full 1):
 PSYoungGen      total 75776K, used 0K [0x000000076ba00000, 0x0000000770e80000, 0x00000007c0000000)
  eden space 65024K, 0% used [0x000000076ba00000,0x000000076ba00000,0x000000076f980000)
  from space 10752K, 0% used [0x0000000770400000,0x0000000770400000,0x0000000770e80000)
  to   space 10752K, 0% used [0x000000076f980000,0x000000076f980000,0x0000000770400000)
 ParOldGen       total 76800K, used 9561K [0x00000006c2e00000, 0x00000006c7900000, 0x000000076ba00000)
  object space 76800K, 12% used [0x00000006c2e00000,0x00000006c3756638,0x00000006c7900000)
 Metaspace       used 20361K, capacity 21260K, committed 21296K, reserved 1067008K
  class space    used 2929K, capacity 3166K, committed 3200K, reserved 1048576K
}

