# JRE version: Java(TM) SE Runtime Environment (8.0_202-b08) (build 1.8.0_202-b08)
# Java VM: Java HotSpot(TM) 64-Bit Server VM (25.202-b08 mixed mode windows-amd64 compressed oops)
Heap:
 PSYoungGen      total 75776K, used 38196K [0x000000076ba00000, 0x0000000774e00000, 0x00000007c0000000)
  eden space 65024K, 58% used [0x000000076ba00000,0x000000076df4d320,0x000000076f980000)
  from space 10752K, 0% used [0x0000000770400000,0x0000000770400000,0x0000000770e80000)
  to   space 10752K, 0% used [0x000000076f980000,0x000000076f980000,0x0000000770400000)
 ParOldGen       total 80896K, used 9484K [0x00000006c2e00000, 0x00000006c7d00000, 0x000000076ba00000)
  object space 80896K, 11% used [0x00000006c2e00000,0x00000006c3743078,0x00000006c7d00000)
 Metaspace       used 24157K, capacity 25078K, committed 25344K, reserved 1071104K
  class space    used 3298K, capacity 3504K, committed 3584K, reserved 1048576K
GC Heap History (6 events):
Event: 12.274 GC heap before
{Heap before GC invocations=1 (full 0):
 PSYoungGen      total 75776K, used 65024K [0x000000076ba00000, 0x0000000770e80000, 0x00000007c0000000)
  eden space 65024K, 100% used [0x000000076ba00000,0x000000076f980000,0x000000076f980000)
  from space 10752K, 0% used [0x0000000770400000,0x0000000770400000,0x0000000770e80000)
  to   space 10752K, 0% used [0x000000076f980000,0x000000076f980000,0x0000000770400000)
 ParOldGen       total 173568K, used 0K [0x00000006c2e00000, 0x00000006cd780000, 0x000000076ba00000)
  object space 173568K, 0% used [0x00000006c2e00000,0x00000006c2e00000,0x00000006cd780000)
 Metaspace       used 18418K, capacity 19334K, committed 19584K, reserved 1067008K
  class space    used 2686K, capacity 2896K, committed 2944K, reserved 1048576K
Event: 12.281 GC heap after
Heap after GC invocations=1 (full 0):
 PSYoungGen      total 75776K, used 10741K [0x000000076ba00000, 0x0000000770e80000, 0x00000007c0000000)
  eden space 65024K, 0% used [0x000000076ba00000,0x000000076ba00000,0x000000076f980000)
  from space 10752K, 99% used [0x000000076f980000,0x00000007703fd580,0x0000000770400000)
  to   space 10752K, 0% used [0x0000000770400000,0x0000000770400000,0x0000000770e80000)
 ParOldGen       total 173568K, used 646K [0x00000006c2e00000, 0x00000006cd780000, 0x000000076ba00000)
  object space 173568K, 0% used [0x00000006c2e00000,0x00000006c2ea18c0,0x00000006cd780000)
 Metaspace       used 18418K, capacity 19334K, committed 19584K, reserved 1067008K
  class space    used 2686K, capacity 2896K, committed 2944K, reserved 1048576K
}
Event: 12.397 GC heap before
{Heap before GC invocations=2 (full 0):
 PSYoungGen      total 75776K, used 16788K [0x000000076ba00000, 0x0000000770e80000, 0x00000007c0000000)
  eden space 65024K, 9% used [0x000000076ba00000,0x000000076bfe7bf8,0x000000076f980000)
  from space 10752K, 99% used [0x000000076f980000,0x00000007703fd580,0x0000000770400000)
  to   space 10752K, 0% used [0x0000000770400000,0x0000000770400000,0x0000000770e80000)
 ParOldGen       total 173568K, used 646K [0x00000006c2e00000, 0x00000006cd780000, 0x000000076ba00000)
  object space 173568K, 0% used [0x00000006c2e00000,0x00000006c2ea18c0,0x00000006cd780000)
 Metaspace       used 20251K, capacity 21168K, committed 21296K, reserved 1067008K
  class space    used 2865K, capacity 3099K, committed 3200K, reserved 1048576K
Event: 12.405 GC heap after
Heap after GC invocations=2 (full 0):
 PSYoungGen      total 75776K, used 10720K [0x000000076ba00000, 0x0000000774e00000, 0x00000007c0000000)
  eden space 65024K, 0% used [0x000000076ba00000,0x000000076ba00000,0x000000076f980000)
  from space 10752K, 99% used [0x0000000770400000,0x0000000770e78070,0x0000000770e80000)
  to   space 10752K, 0% used [0x000000076f980000,0x000000076f980000,0x0000000770400000)
 ParOldGen       total 173568K, used 1453K [0x00000006c2e00000, 0x00000006cd780000, 0x000000076ba00000)
  object space 173568K, 0% used [0x00000006c2e00000,0x00000006c2f6b638,0x00000006cd780000)
 Metaspace       used 20251K, capacity 21168K, committed 21296K, reserved 1067008K
  class space    used 2865K, capacity 3099K, committed 3200K, reserved 1048576K
}
Event: 12.405 GC heap before
{Heap before GC invocations=3 (full 1):
 PSYoungGen      total 75776K, used 10720K [0x000000076ba00000, 0x0000000774e00000, 0x00000007c0000000)
  eden space 65024K, 0% used [0x000000076ba00000,0x000000076ba00000,0x000000076f980000)
  from space 10752K, 99% used [0x0000000770400000,0x0000000770e78070,0x0000000770e80000)
  to   space 10752K, 0% used [0x000000076f980000,0x000000076f980000,0x0000000770400000)
 ParOldGen       total 173568K, used 1453K [0x00000006c2e00000, 0x00000006cd780000, 0x000000076ba00000)
  object space 173568K, 0% used [0x00000006c2e00000,0x00000006c2f6b638,0x00000006cd780000)
 Metaspace       used 20251K, capacity 21168K, committed 21296K, reserved 1067008K
  class space    used 2865K, capacity 3099K, committed 3200K, reserved 1048576K
Event: 12.432 GC heap after
Heap after GC invocations=3 (full 1):
 PSYoungGen      total 75776K, used 0K [0x000000076ba00000, 0x0000000774e00000, 0x00000007c0000000)
  eden space 65024K, 0% used [0x000000076ba00000,0x000000076ba00000,0x000000076f980000)
  from space 10752K, 0% used [0x0000000770400000,0x0000000770400000,0x0000000770e80000)
  to   space 10752K, 0% used [0x000000076f980000,0x000000076f980000,0x0000000770400000)
 ParOldGen       total 80896K, used 9484K [0x00000006c2e00000, 0x00000006c7d00000, 0x000000076ba00000)
  object space 80896K, 11% used [0x00000006c2e00000,0x00000006c3743078,0x00000006c7d00000)
 Metaspace       used 20251K, capacity 21168K, committed 21296K, reserved 1067008K
  class space    used 2865K, capacity 3099K, committed 3200K, reserved 1048576K
}

