# JRE version: Java(TM) SE Runtime Environment (8.0_202-b08) (build 1.8.0_202-b08)
# Java VM: Java HotSpot(TM) 64-Bit Server VM (25.202-b08 mixed mode windows-amd64 compressed oops)
Heap:
 PSYoungGen      total 75776K, used 27808K [0x000000076ba00000, 0x0000000774e00000, 0x00000007c0000000)
  eden space 65024K, 42% used [0x000000076ba00000,0x000000076d528060,0x000000076f980000)
  from space 10752K, 0% used [0x0000000770400000,0x0000000770400000,0x0000000770e80000)
  to   space 10752K, 0% used [0x000000076f980000,0x000000076f980000,0x0000000770400000)
 ParOldGen       total 80384K, used 9982K [0x00000006c2e00000, 0x00000006c7c80000, 0x000000076ba00000)
  object space 80384K, 12% used [0x00000006c2e00000,0x00000006c37bf8b8,0x00000006c7c80000)
 Metaspace       used 23990K, capacity 24898K, committed 25088K, reserved 1071104K
  class space    used 3304K, capacity 3525K, committed 3584K, reserved 1048576K
GC Heap History (6 events):
Event: 5.407 GC heap before
{Heap before GC invocations=1 (full 0):
 PSYoungGen      total 75776K, used 65024K [0x000000076ba00000, 0x0000000770e80000, 0x00000007c0000000)
  eden space 65024K, 100% used [0x000000076ba00000,0x000000076f980000,0x000000076f980000)
  from space 10752K, 0% used [0x0000000770400000,0x0000000770400000,0x0000000770e80000)
  to   space 10752K, 0% used [0x000000076f980000,0x000000076f980000,0x0000000770400000)
 ParOldGen       total 173568K, used 0K [0x00000006c2e00000, 0x00000006cd780000, 0x000000076ba00000)
  object space 173568K, 0% used [0x00000006c2e00000,0x00000006c2e00000,0x00000006cd780000)
 Metaspace       used 20222K, capacity 21060K, committed 21296K, reserved 1067008K
  class space    used 2892K, capacity 3150K, committed 3200K, reserved 1048576K
Event: 5.416 GC heap after
Heap after GC invocations=1 (full 0):
 PSYoungGen      total 75776K, used 10722K [0x000000076ba00000, 0x0000000770e80000, 0x00000007c0000000)
  eden space 65024K, 0% used [0x000000076ba00000,0x000000076ba00000,0x000000076f980000)
  from space 10752K, 99% used [0x000000076f980000,0x00000007703f8ae0,0x0000000770400000)
  to   space 10752K, 0% used [0x0000000770400000,0x0000000770400000,0x0000000770e80000)
 ParOldGen       total 173568K, used 2363K [0x00000006c2e00000, 0x00000006cd780000, 0x000000076ba00000)
  object space 173568K, 1% used [0x00000006c2e00000,0x00000006c304ee50,0x00000006cd780000)
 Metaspace       used 20222K, capacity 21060K, committed 21296K, reserved 1067008K
  class space    used 2892K, capacity 3150K, committed 3200K, reserved 1048576K
}
Event: 5.433 GC heap before
{Heap before GC invocations=2 (full 0):
 PSYoungGen      total 75776K, used 12522K [0x000000076ba00000, 0x0000000770e80000, 0x00000007c0000000)
  eden space 65024K, 2% used [0x000000076ba00000,0x000000076bbc1f88,0x000000076f980000)
  from space 10752K, 99% used [0x000000076f980000,0x00000007703f8ae0,0x0000000770400000)
  to   space 10752K, 0% used [0x0000000770400000,0x0000000770400000,0x0000000770e80000)
 ParOldGen       total 173568K, used 2363K [0x00000006c2e00000, 0x00000006cd780000, 0x000000076ba00000)
  object space 173568K, 1% used [0x00000006c2e00000,0x00000006c304ee50,0x00000006cd780000)
 Metaspace       used 20320K, capacity 21188K, committed 21296K, reserved 1067008K
  class space    used 2908K, capacity 3150K, committed 3200K, reserved 1048576K
Event: 5.442 GC heap after
Heap after GC invocations=2 (full 0):
 PSYoungGen      total 75776K, used 9298K [0x000000076ba00000, 0x0000000774e00000, 0x00000007c0000000)
  eden space 65024K, 0% used [0x000000076ba00000,0x000000076ba00000,0x000000076f980000)
  from space 10752K, 86% used [0x0000000770400000,0x0000000770d14940,0x0000000770e80000)
  to   space 10752K, 0% used [0x000000076f980000,0x000000076f980000,0x0000000770400000)
 ParOldGen       total 173568K, used 4419K [0x00000006c2e00000, 0x00000006cd780000, 0x000000076ba00000)
  object space 173568K, 2% used [0x00000006c2e00000,0x00000006c3250e60,0x00000006cd780000)
 Metaspace       used 20320K, capacity 21188K, committed 21296K, reserved 1067008K
  class space    used 2908K, capacity 3150K, committed 3200K, reserved 1048576K
}
Event: 5.442 GC heap before
{Heap before GC invocations=3 (full 1):
 PSYoungGen      total 75776K, used 9298K [0x000000076ba00000, 0x0000000774e00000, 0x00000007c0000000)
  eden space 65024K, 0% used [0x000000076ba00000,0x000000076ba00000,0x000000076f980000)
  from space 10752K, 86% used [0x0000000770400000,0x0000000770d14940,0x0000000770e80000)
  to   space 10752K, 0% used [0x000000076f980000,0x000000076f980000,0x0000000770400000)
 ParOldGen       total 173568K, used 4419K [0x00000006c2e00000, 0x00000006cd780000, 0x000000076ba00000)
  object space 173568K, 2% used [0x00000006c2e00000,0x00000006c3250e60,0x00000006cd780000)
 Metaspace       used 20320K, capacity 21188K, committed 21296K, reserved 1067008K
  class space    used 2908K, capacity 3150K, committed 3200K, reserved 1048576K
Event: 5.472 GC heap after
Heap after GC invocations=3 (full 1):
 PSYoungGen      total 75776K, used 0K [0x000000076ba00000, 0x0000000774e00000, 0x00000007c0000000)
  eden space 65024K, 0% used [0x000000076ba00000,0x000000076ba00000,0x000000076f980000)
  from space 10752K, 0% used [0x0000000770400000,0x0000000770400000,0x0000000770e80000)
  to   space 10752K, 0% used [0x000000076f980000,0x000000076f980000,0x0000000770400000)
 ParOldGen       total 80384K, used 9982K [0x00000006c2e00000, 0x00000006c7c80000, 0x000000076ba00000)
  object space 80384K, 12% used [0x00000006c2e00000,0x00000006c37bf8b8,0x00000006c7c80000)
 Metaspace       used 20320K, capacity 21188K, committed 21296K, reserved 1067008K
  class space    used 2908K, capacity 3150K, committed 3200K, reserved 1048576K
}

