# JRE version: Java(TM) SE Runtime Environment (8.0_202-b08) (build 1.8.0_202-b08)
# Java VM: Java HotSpot(TM) 64-Bit Server VM (25.202-b08 mixed mode windows-amd64 compressed oops)
Heap:
 PSYoungGen      total 75776K, used 24711K [0x000000076ba00000, 0x0000000774e00000, 0x00000007c0000000)
  eden space 65024K, 38% used [0x000000076ba00000,0x000000076d221ee0,0x000000076f980000)
  from space 10752K, 0% used [0x0000000770400000,0x0000000770400000,0x0000000770e80000)
  to   space 10752K, 0% used [0x000000076f980000,0x000000076f980000,0x0000000770400000)
 ParOldGen       total 80896K, used 10021K [0x00000006c2e00000, 0x00000006c7d00000, 0x000000076ba00000)
  object space 80896K, 12% used [0x00000006c2e00000,0x00000006c37c9548,0x00000006c7d00000)
 Metaspace       used 23712K, capacity 24652K, committed 24832K, reserved 1071104K
  class space    used 3286K, capacity 3490K, committed 3584K, reserved 1048576K
GC Heap History (6 events):
Event: 5.336 GC heap before
{Heap before GC invocations=1 (full 0):
 PSYoungGen      total 75776K, used 65024K [0x000000076ba00000, 0x0000000770e80000, 0x00000007c0000000)
  eden space 65024K, 100% used [0x000000076ba00000,0x000000076f980000,0x000000076f980000)
  from space 10752K, 0% used [0x0000000770400000,0x0000000770400000,0x0000000770e80000)
  to   space 10752K, 0% used [0x000000076f980000,0x000000076f980000,0x0000000770400000)
 ParOldGen       total 173568K, used 0K [0x00000006c2e00000, 0x00000006cd780000, 0x000000076ba00000)
  object space 173568K, 0% used [0x00000006c2e00000,0x00000006c2e00000,0x00000006cd780000)
 Metaspace       used 20084K, capacity 20948K, committed 21120K, reserved 1067008K
  class space    used 2877K, capacity 3114K, committed 3200K, reserved 1048576K
Event: 5.344 GC heap after
Heap after GC invocations=1 (full 0):
 PSYoungGen      total 75776K, used 10722K [0x000000076ba00000, 0x0000000770e80000, 0x00000007c0000000)
  eden space 65024K, 0% used [0x000000076ba00000,0x000000076ba00000,0x000000076f980000)
  from space 10752K, 99% used [0x000000076f980000,0x00000007703f8b20,0x0000000770400000)
  to   space 10752K, 0% used [0x0000000770400000,0x0000000770400000,0x0000000770e80000)
 ParOldGen       total 173568K, used 1850K [0x00000006c2e00000, 0x00000006cd780000, 0x000000076ba00000)
  object space 173568K, 1% used [0x00000006c2e00000,0x00000006c2fce960,0x00000006cd780000)
 Metaspace       used 20084K, capacity 20948K, committed 21120K, reserved 1067008K
  class space    used 2877K, capacity 3114K, committed 3200K, reserved 1048576K
}
Event: 5.372 GC heap before
{Heap before GC invocations=2 (full 0):
 PSYoungGen      total 75776K, used 13567K [0x000000076ba00000, 0x0000000770e80000, 0x00000007c0000000)
  eden space 65024K, 4% used [0x000000076ba00000,0x000000076bcc7178,0x000000076f980000)
  from space 10752K, 99% used [0x000000076f980000,0x00000007703f8b20,0x0000000770400000)
  to   space 10752K, 0% used [0x0000000770400000,0x0000000770400000,0x0000000770e80000)
 ParOldGen       total 173568K, used 1850K [0x00000006c2e00000, 0x00000006cd780000, 0x000000076ba00000)
  object space 173568K, 1% used [0x00000006c2e00000,0x00000006c2fce960,0x00000006cd780000)
 Metaspace       used 20323K, capacity 21172K, committed 21296K, reserved 1067008K
  class space    used 2908K, capacity 3146K, committed 3200K, reserved 1048576K
Event: 5.379 GC heap after
Heap after GC invocations=2 (full 0):
 PSYoungGen      total 75776K, used 10720K [0x000000076ba00000, 0x0000000774e00000, 0x00000007c0000000)
  eden space 65024K, 0% used [0x000000076ba00000,0x000000076ba00000,0x000000076f980000)
  from space 10752K, 99% used [0x0000000770400000,0x0000000770e78070,0x0000000770e80000)
  to   space 10752K, 0% used [0x000000076f980000,0x000000076f980000,0x0000000770400000)
 ParOldGen       total 173568K, used 2777K [0x00000006c2e00000, 0x00000006cd780000, 0x000000076ba00000)
  object space 173568K, 1% used [0x00000006c2e00000,0x00000006c30b6530,0x00000006cd780000)
 Metaspace       used 20323K, capacity 21172K, committed 21296K, reserved 1067008K
  class space    used 2908K, capacity 3146K, committed 3200K, reserved 1048576K
}
Event: 5.379 GC heap before
{Heap before GC invocations=3 (full 1):
 PSYoungGen      total 75776K, used 10720K [0x000000076ba00000, 0x0000000774e00000, 0x00000007c0000000)
  eden space 65024K, 0% used [0x000000076ba00000,0x000000076ba00000,0x000000076f980000)
  from space 10752K, 99% used [0x0000000770400000,0x0000000770e78070,0x0000000770e80000)
  to   space 10752K, 0% used [0x000000076f980000,0x000000076f980000,0x0000000770400000)
 ParOldGen       total 173568K, used 2777K [0x00000006c2e00000, 0x00000006cd780000, 0x000000076ba00000)
  object space 173568K, 1% used [0x00000006c2e00000,0x00000006c30b6530,0x00000006cd780000)
 Metaspace       used 20323K, capacity 21172K, committed 21296K, reserved 1067008K
  class space    used 2908K, capacity 3146K, committed 3200K, reserved 1048576K
Event: 5.407 GC heap after
Heap after GC invocations=3 (full 1):
 PSYoungGen      total 75776K, used 0K [0x000000076ba00000, 0x0000000774e00000, 0x00000007c0000000)
  eden space 65024K, 0% used [0x000000076ba00000,0x000000076ba00000,0x000000076f980000)
  from space 10752K, 0% used [0x0000000770400000,0x0000000770400000,0x0000000770e80000)
  to   space 10752K, 0% used [0x000000076f980000,0x000000076f980000,0x0000000770400000)
 ParOldGen       total 80896K, used 10021K [0x00000006c2e00000, 0x00000006c7d00000, 0x000000076ba00000)
  object space 80896K, 12% used [0x00000006c2e00000,0x00000006c37c9548,0x00000006c7d00000)
 Metaspace       used 20323K, capacity 21172K, committed 21296K, reserved 1067008K
  class space    used 2908K, capacity 3146K, committed 3200K, reserved 1048576K
}

