# JRE version: Java(TM) SE Runtime Environment (8.0_202-b08) (build 1.8.0_202-b08)
# Java VM: Java HotSpot(TM) 64-Bit Server VM (25.202-b08 mixed mode windows-amd64 compressed oops)
Heap:
 PSYoungGen      total 75776K, used 26392K [0x000000076ba00000, 0x0000000774e00000, 0x00000007c0000000)
  eden space 65024K, 40% used [0x000000076ba00000,0x000000076d3c60b8,0x000000076f980000)
  from space 10752K, 0% used [0x0000000770400000,0x0000000770400000,0x0000000770e80000)
  to   space 10752K, 0% used [0x000000076f980000,0x000000076f980000,0x0000000770400000)
 ParOldGen       total 81408K, used 10061K [0x00000006c2e00000, 0x00000006c7d80000, 0x000000076ba00000)
  object space 81408K, 12% used [0x00000006c2e00000,0x00000006c37d3530,0x00000006c7d80000)
 Metaspace       used 23891K, capacity 24872K, committed 25088K, reserved 1071104K
  class space    used 3321K, capacity 3541K, committed 3584K, reserved 1048576K
GC Heap History (6 events):
Event: 5.920 GC heap before
{Heap before GC invocations=1 (full 0):
 PSYoungGen      total 75776K, used 65024K [0x000000076ba00000, 0x0000000770e80000, 0x00000007c0000000)
  eden space 65024K, 100% used [0x000000076ba00000,0x000000076f980000,0x000000076f980000)
  from space 10752K, 0% used [0x0000000770400000,0x0000000770400000,0x0000000770e80000)
  to   space 10752K, 0% used [0x000000076f980000,0x000000076f980000,0x0000000770400000)
 ParOldGen       total 173568K, used 0K [0x00000006c2e00000, 0x00000006cd780000, 0x000000076ba00000)
  object space 173568K, 0% used [0x00000006c2e00000,0x00000006c2e00000,0x00000006cd780000)
 Metaspace       used 20149K, capacity 21096K, committed 21296K, reserved 1067008K
  class space    used 2900K, capacity 3157K, committed 3200K, reserved 1048576K
Event: 5.929 GC heap after
Heap after GC invocations=1 (full 0):
 PSYoungGen      total 75776K, used 10720K [0x000000076ba00000, 0x0000000770e80000, 0x00000007c0000000)
  eden space 65024K, 0% used [0x000000076ba00000,0x000000076ba00000,0x000000076f980000)
  from space 10752K, 99% used [0x000000076f980000,0x00000007703f8070,0x0000000770400000)
  to   space 10752K, 0% used [0x0000000770400000,0x0000000770400000,0x0000000770e80000)
 ParOldGen       total 173568K, used 2304K [0x00000006c2e00000, 0x00000006cd780000, 0x000000076ba00000)
  object space 173568K, 1% used [0x00000006c2e00000,0x00000006c3040128,0x00000006cd780000)
 Metaspace       used 20149K, capacity 21096K, committed 21296K, reserved 1067008K
  class space    used 2900K, capacity 3157K, committed 3200K, reserved 1048576K
}
Event: 5.953 GC heap before
{Heap before GC invocations=2 (full 0):
 PSYoungGen      total 75776K, used 12516K [0x000000076ba00000, 0x0000000770e80000, 0x00000007c0000000)
  eden space 65024K, 2% used [0x000000076ba00000,0x000000076bbc1028,0x000000076f980000)
  from space 10752K, 99% used [0x000000076f980000,0x00000007703f8070,0x0000000770400000)
  to   space 10752K, 0% used [0x0000000770400000,0x0000000770400000,0x0000000770e80000)
 ParOldGen       total 173568K, used 2304K [0x00000006c2e00000, 0x00000006cd780000, 0x000000076ba00000)
  object space 173568K, 1% used [0x00000006c2e00000,0x00000006c3040128,0x00000006cd780000)
 Metaspace       used 20378K, capacity 21256K, committed 21296K, reserved 1067008K
  class space    used 2933K, capacity 3189K, committed 3200K, reserved 1048576K
Event: 5.959 GC heap after
Heap after GC invocations=2 (full 0):
 PSYoungGen      total 75776K, used 10720K [0x000000076ba00000, 0x0000000774e00000, 0x00000007c0000000)
  eden space 65024K, 0% used [0x000000076ba00000,0x000000076ba00000,0x000000076f980000)
  from space 10752K, 99% used [0x0000000770400000,0x0000000770e78090,0x0000000770e80000)
  to   space 10752K, 0% used [0x000000076f980000,0x000000076f980000,0x0000000770400000)
 ParOldGen       total 173568K, used 2976K [0x00000006c2e00000, 0x00000006cd780000, 0x000000076ba00000)
  object space 173568K, 1% used [0x00000006c2e00000,0x00000006c30e8328,0x00000006cd780000)
 Metaspace       used 20378K, capacity 21256K, committed 21296K, reserved 1067008K
  class space    used 2933K, capacity 3189K, committed 3200K, reserved 1048576K
}
Event: 5.959 GC heap before
{Heap before GC invocations=3 (full 1):
 PSYoungGen      total 75776K, used 10720K [0x000000076ba00000, 0x0000000774e00000, 0x00000007c0000000)
  eden space 65024K, 0% used [0x000000076ba00000,0x000000076ba00000,0x000000076f980000)
  from space 10752K, 99% used [0x0000000770400000,0x0000000770e78090,0x0000000770e80000)
  to   space 10752K, 0% used [0x000000076f980000,0x000000076f980000,0x0000000770400000)
 ParOldGen       total 173568K, used 2976K [0x00000006c2e00000, 0x00000006cd780000, 0x000000076ba00000)
  object space 173568K, 1% used [0x00000006c2e00000,0x00000006c30e8328,0x00000006cd780000)
 Metaspace       used 20378K, capacity 21256K, committed 21296K, reserved 1067008K
  class space    used 2933K, capacity 3189K, committed 3200K, reserved 1048576K
Event: 5.989 GC heap after
Heap after GC invocations=3 (full 1):
 PSYoungGen      total 75776K, used 0K [0x000000076ba00000, 0x0000000774e00000, 0x00000007c0000000)
  eden space 65024K, 0% used [0x000000076ba00000,0x000000076ba00000,0x000000076f980000)
  from space 10752K, 0% used [0x0000000770400000,0x0000000770400000,0x0000000770e80000)
  to   space 10752K, 0% used [0x000000076f980000,0x000000076f980000,0x0000000770400000)
 ParOldGen       total 81408K, used 10061K [0x00000006c2e00000, 0x00000006c7d80000, 0x000000076ba00000)
  object space 81408K, 12% used [0x00000006c2e00000,0x00000006c37d3530,0x00000006c7d80000)
 Metaspace       used 20378K, capacity 21256K, committed 21296K, reserved 1067008K
  class space    used 2933K, capacity 3189K, committed 3200K, reserved 1048576K
}

