# JRE version: Java(TM) SE Runtime Environment (8.0_202-b08) (build 1.8.0_202-b08)
# Java VM: Java HotSpot(TM) 64-Bit Server VM (25.202-b08 mixed mode windows-amd64 compressed oops)
Heap:
 PSYoungGen      total 75776K, used 33706K [0x000000076ba00000, 0x0000000774e00000, 0x00000007c0000000)
  eden space 65024K, 51% used [0x000000076ba00000,0x000000076daeaa08,0x000000076f980000)
  from space 10752K, 0% used [0x0000000770400000,0x0000000770400000,0x0000000770e80000)
  to   space 10752K, 0% used [0x000000076f980000,0x000000076f980000,0x0000000770400000)
 ParOldGen       total 82944K, used 10032K [0x00000006c2e00000, 0x00000006c7f00000, 0x000000076ba00000)
  object space 82944K, 12% used [0x00000006c2e00000,0x00000006c37cc280,0x00000006c7f00000)
 Metaspace       used 23889K, capacity 24860K, committed 25088K, reserved 1071104K
  class space    used 3295K, capacity 3530K, committed 3584K, reserved 1048576K
GC Heap History (6 events):
Event: 3.231 GC heap before
{Heap before GC invocations=1 (full 0):
 PSYoungGen      total 75776K, used 65024K [0x000000076ba00000, 0x0000000770e80000, 0x00000007c0000000)
  eden space 65024K, 100% used [0x000000076ba00000,0x000000076f980000,0x000000076f980000)
  from space 10752K, 0% used [0x0000000770400000,0x0000000770400000,0x0000000770e80000)
  to   space 10752K, 0% used [0x000000076f980000,0x000000076f980000,0x0000000770400000)
 ParOldGen       total 173568K, used 0K [0x00000006c2e00000, 0x00000006cd780000, 0x000000076ba00000)
  object space 173568K, 0% used [0x00000006c2e00000,0x00000006c2e00000,0x00000006cd780000)
 Metaspace       used 20074K, capacity 20910K, committed 21120K, reserved 1067008K
  class space    used 2909K, capacity 3145K, committed 3200K, reserved 1048576K
Event: 3.240 GC heap after
Heap after GC invocations=1 (full 0):
 PSYoungGen      total 75776K, used 10738K [0x000000076ba00000, 0x0000000770e80000, 0x00000007c0000000)
  eden space 65024K, 0% used [0x000000076ba00000,0x000000076ba00000,0x000000076f980000)
  from space 10752K, 99% used [0x000000076f980000,0x00000007703fcaf0,0x0000000770400000)
  to   space 10752K, 0% used [0x0000000770400000,0x0000000770400000,0x0000000770e80000)
 ParOldGen       total 173568K, used 2851K [0x00000006c2e00000, 0x00000006cd780000, 0x000000076ba00000)
  object space 173568K, 1% used [0x00000006c2e00000,0x00000006c30c8cc0,0x00000006cd780000)
 Metaspace       used 20074K, capacity 20910K, committed 21120K, reserved 1067008K
  class space    used 2909K, capacity 3145K, committed 3200K, reserved 1048576K
}
Event: 3.256 GC heap before
{Heap before GC invocations=2 (full 0):
 PSYoungGen      total 75776K, used 12484K [0x000000076ba00000, 0x0000000770e80000, 0x00000007c0000000)
  eden space 65024K, 2% used [0x000000076ba00000,0x000000076bbb47a0,0x000000076f980000)
  from space 10752K, 99% used [0x000000076f980000,0x00000007703fcaf0,0x0000000770400000)
  to   space 10752K, 0% used [0x0000000770400000,0x0000000770400000,0x0000000770e80000)
 ParOldGen       total 173568K, used 2851K [0x00000006c2e00000, 0x00000006cd780000, 0x000000076ba00000)
  object space 173568K, 1% used [0x00000006c2e00000,0x00000006c30c8cc0,0x00000006cd780000)
 Metaspace       used 20344K, capacity 21198K, committed 21296K, reserved 1067008K
  class space    used 2939K, capacity 3177K, committed 3200K, reserved 1048576K
Event: 3.261 GC heap after
Heap after GC invocations=2 (full 0):
 PSYoungGen      total 75776K, used 8848K [0x000000076ba00000, 0x0000000774e00000, 0x00000007c0000000)
  eden space 65024K, 0% used [0x000000076ba00000,0x000000076ba00000,0x000000076f980000)
  from space 10752K, 82% used [0x0000000770400000,0x0000000770ca4070,0x0000000770e80000)
  to   space 10752K, 0% used [0x000000076f980000,0x000000076f980000,0x0000000770400000)
 ParOldGen       total 173568K, used 2859K [0x00000006c2e00000, 0x00000006cd780000, 0x000000076ba00000)
  object space 173568K, 1% used [0x00000006c2e00000,0x00000006c30cacc0,0x00000006cd780000)
 Metaspace       used 20344K, capacity 21198K, committed 21296K, reserved 1067008K
  class space    used 2939K, capacity 3177K, committed 3200K, reserved 1048576K
}
Event: 3.262 GC heap before
{Heap before GC invocations=3 (full 1):
 PSYoungGen      total 75776K, used 8848K [0x000000076ba00000, 0x0000000774e00000, 0x00000007c0000000)
  eden space 65024K, 0% used [0x000000076ba00000,0x000000076ba00000,0x000000076f980000)
  from space 10752K, 82% used [0x0000000770400000,0x0000000770ca4070,0x0000000770e80000)
  to   space 10752K, 0% used [0x000000076f980000,0x000000076f980000,0x0000000770400000)
 ParOldGen       total 173568K, used 2859K [0x00000006c2e00000, 0x00000006cd780000, 0x000000076ba00000)
  object space 173568K, 1% used [0x00000006c2e00000,0x00000006c30cacc0,0x00000006cd780000)
 Metaspace       used 20344K, capacity 21198K, committed 21296K, reserved 1067008K
  class space    used 2939K, capacity 3177K, committed 3200K, reserved 1048576K
Event: 3.289 GC heap after
Heap after GC invocations=3 (full 1):
 PSYoungGen      total 75776K, used 0K [0x000000076ba00000, 0x0000000774e00000, 0x00000007c0000000)
  eden space 65024K, 0% used [0x000000076ba00000,0x000000076ba00000,0x000000076f980000)
  from space 10752K, 0% used [0x0000000770400000,0x0000000770400000,0x0000000770e80000)
  to   space 10752K, 0% used [0x000000076f980000,0x000000076f980000,0x0000000770400000)
 ParOldGen       total 82944K, used 10032K [0x00000006c2e00000, 0x00000006c7f00000, 0x000000076ba00000)
  object space 82944K, 12% used [0x00000006c2e00000,0x00000006c37cc280,0x00000006c7f00000)
 Metaspace       used 20344K, capacity 21198K, committed 21296K, reserved 1067008K
  class space    used 2939K, capacity 3177K, committed 3200K, reserved 1048576K
}

